<?xml version="1.0" encoding="UTF-8"?>
<!-- Generated by org.testng.reporters.JUnitXMLReporter -->
<testsuite hostname="kilvidiacademy" ignored="0" name="Default test" tests="3" failures="0" timestamp="04 Jan 2018 23:26:27 GMT" time="27.593" errors="0">
  <testcase name="loginPageTitleTest" time="0.02" classname="com.crm.qa.testcases.LoginPageTest"/>
  <testcase name="crmLogoImageTest" time="0.05" classname="com.crm.qa.testcases.LoginPageTest"/>
  <testcase name="LoginTest" time="7.758" classname="com.crm.qa.testcases.LoginPageTest"/>
</testsuite> <!-- Default test -->
