<?xml version="1.0" encoding="UTF-8"?>
<!-- Generated by org.testng.reporters.JUnitXMLReporter -->
<testsuite hostname="kilvidiacademy" ignored="0" name="Test" tests="11" failures="0" timestamp="07 Jan 2018 23:24:17 GMT" time="138.667" errors="0">
  <testcase name="loginPageTitleTest" time="0.017" classname="com.crm.qa.testcases.LoginPageTest"/>
  <testcase name="verifyHomePageTitleTest" time="0.007" classname="com.crm.qa.testcases.HomePageTest"/>
  <testcase name="verifycontactsLabel" time="0.045" classname="com.crm.qa.testcases.ContactsPageTest"/>
  <testcase name="crmLogoImageTest" time="0.067" classname="com.crm.qa.testcases.LoginPageTest"/>
  <testcase name="verifyCorrectUserNameTest" time="0.341" classname="com.crm.qa.testcases.HomePageTest"/>
  <testcase name="selectContactsTest" time="0.368" classname="com.crm.qa.testcases.ContactsPageTest"/>
  <testcase name="LoginTest" time="4.981" classname="com.crm.qa.testcases.LoginPageTest"/>
  <testcase name="clickContactsLinkTest" time="1.027" classname="com.crm.qa.testcases.HomePageTest"/>
  <testcase name="createNewContactTest" time="3.055" classname="com.crm.qa.testcases.ContactsPageTest"/>
  <testcase name="createNewContactTest" time="2.876" classname="com.crm.qa.testcases.ContactsPageTest"/>
  <testcase name="createNewContactTest" time="2.589" classname="com.crm.qa.testcases.ContactsPageTest"/>
</testsuite> <!-- Test -->
