<?xml version="1.0" encoding="UTF-8"?>
<!-- Generated by org.testng.reporters.JUnitXMLReporter -->
<testsuite hostname="kilvidiacademy" ignored="0" name="Test" tests="3" failures="0" timestamp="13 Jan 2018 18:39:42 GMT" time="28.336" errors="0">
  <testcase name="loginPageTitleTest" time="0.01" classname="com.crm.qa.testcases.LoginPageTest"/>
  <testcase name="crmLogoImageTest" time="0.046" classname="com.crm.qa.testcases.LoginPageTest"/>
  <testcase name="LoginTest" time="7.595" classname="com.crm.qa.testcases.LoginPageTest"/>
</testsuite> <!-- Test -->
