<?xml version="1.0" encoding="UTF-8"?>
<!-- Generated by org.testng.reporters.JUnitXMLReporter -->
<testsuite hostname="kilvidiacademy" ignored="0" name="Test" tests="3" failures="0" timestamp="15 Jan 2018 20:48:47 GMT" time="27.973" errors="0">
  <testcase name="loginPageTitleTest" time="0.01" classname="com.crm.qa.testcases.LoginPageTest"/>
  <testcase name="crmLogoImageTest" time="0.051" classname="com.crm.qa.testcases.LoginPageTest"/>
  <testcase name="LoginTest" time="7.879" classname="com.crm.qa.testcases.LoginPageTest"/>
</testsuite> <!-- Test -->
